\BOOKMARK [1][-]{section.1}{\376\377\000I\000n\000t\000r\000o\000d\000u\000c\000t\000i\000o\000n}{}% 1
\BOOKMARK [2][-]{subsection.1.1}{\376\377\000L\000i\000c\000e\000n\000s\000e}{section.1}% 2
\BOOKMARK [1][-]{section.2}{\376\377\000S\000i\000m\000p\000l\000e\000\040\000i\000n\000s\000t\000r\000u\000c\000t\000i\000o\000n\000s\000\040\000f\000o\000r\000\040\000a\000\040\000b\000a\000s\000i\000c\000\040\000e\000x\000a\000m}{}% 3
\BOOKMARK [2][-]{subsection.2.1}{\376\377\000T\000h\000e\000\040\000d\000o\000c\000u\000m\000e\000n\000t\000c\000l\000a\000s\000s\000\040\000c\000o\000m\000m\000a\000n\000d}{section.2}% 4
\BOOKMARK [2][-]{subsection.2.2}{\376\377\000A\000s\000k\000i\000n\000g\000\040\000f\000o\000r\000\040\000t\000h\000e\000\040\000s\000t\000u\000d\000e\000n\000t\000'\000s\000\040\000n\000a\000m\000e}{section.2}% 5
\BOOKMARK [2][-]{subsection.2.3}{\376\377\000A\000s\000k\000i\000n\000g\000\040\000q\000u\000e\000s\000t\000i\000o\000n\000s}{section.2}% 6
\BOOKMARK [2][-]{subsection.2.4}{\376\377\000Q\000u\000e\000s\000t\000i\000o\000n\000s\000\040\000w\000i\000t\000h\000\040\000p\000a\000r\000t\000s\000,\000\040\000a\000n\000d\000\040\000s\000u\000b\000p\000a\000r\000t\000s\000,\000\040\000a\000n\000d\000\040\000s\000u\000b\000s\000u\000b\000p\000a\000r\000t\000s}{section.2}% 7
\BOOKMARK [2][-]{subsection.2.5}{\376\377\000L\000e\000a\000v\000i\000n\000g\000\040\000s\000p\000a\000c\000e\000\040\000f\000o\000r\000\040\000t\000h\000e\000\040\000a\000n\000s\000w\000e\000r\000s}{section.2}% 8
\BOOKMARK [2][-]{subsection.2.6}{\376\377\000H\000e\000a\000d\000e\000r\000s\000\040\000a\000n\000d\000\040\000f\000o\000o\000t\000e\000r\000s}{section.2}% 9
\BOOKMARK [1][-]{section.3}{\376\377\000T\000h\000e\000\040\000d\000o\000c\000u\000m\000e\000n\000t\000c\000l\000a\000s\000s\000\040\000c\000o\000m\000m\000a\000n\000d}{}% 10
\BOOKMARK [2][-]{subsection.3.1}{\376\377\000T\000h\000e\000\040\000o\000p\000t\000i\000o\000n\000\040\000a\000d\000d\000p\000o\000i\000n\000t\000s}{section.3}% 11
\BOOKMARK [2][-]{subsection.3.2}{\376\377\000T\000h\000e\000\040\000o\000p\000t\000i\000o\000n\000\040\000a\000n\000s\000w\000e\000r\000s}{section.3}% 12
\BOOKMARK [1][-]{section.4}{\376\377\000Q\000u\000e\000s\000t\000i\000o\000n\000s\000\040\000a\000n\000d\000\040\000p\000o\000i\000n\000t\000s}{}% 13
\BOOKMARK [2][-]{subsection.4.1}{\376\377\000Q\000u\000e\000s\000t\000i\000o\000n\000s}{section.4}% 14
\BOOKMARK [2][-]{subsection.4.2}{\376\377\000Q\000u\000e\000s\000t\000i\000o\000n\000s\000\040\000w\000i\000t\000h\000\040\000p\000a\000r\000t\000s\000\040\000a\000n\000d\000\040\000s\000u\000b\000p\000a\000r\000t\000s\000\040\000\050\000a\000n\000d\000\040\000s\000u\000b\000s\000u\000b\000p\000a\000r\000t\000s\000\051}{section.4}% 15
\BOOKMARK [2][-]{subsection.4.3}{\376\377\000P\000o\000i\000n\000t\000\040\000v\000a\000l\000u\000e\000s\000\040\000f\000o\000r\000\040\000t\000h\000e\000\040\000q\000u\000e\000s\000t\000i\000o\000n\000s}{section.4}% 16
\BOOKMARK [3][-]{subsubsection.4.3.1}{\376\377\000W\000h\000e\000r\000e\000\040\000t\000h\000e\000\040\000p\000o\000i\000n\000t\000s\000\040\000w\000i\000l\000l\000\040\000b\000e\000\040\000p\000r\000i\000n\000t\000e\000d}{subsection.4.3}% 17
\BOOKMARK [3][-]{subsubsection.4.3.2}{\376\377\000P\000r\000i\000n\000t\000i\000n\000g\000\040\000t\000h\000e\000\040\000p\000o\000i\000n\000t\000s\000\040\000a\000t\000\040\000t\000h\000e\000\040\000e\000n\000d\000\040\000o\000f\000\040\000t\000h\000e\000\040\000q\000u\000e\000s\000t\000i\000o\000n}{subsection.4.3}% 18
\BOOKMARK [3][-]{subsubsection.4.3.3}{\376\377\000H\000a\000l\000f\000\040\000p\000o\000i\000n\000t\000s}{subsection.4.3}% 19
\BOOKMARK [3][-]{subsubsection.4.3.4}{\376\377\000S\000u\000r\000r\000o\000u\000n\000d\000i\000n\000g\000\040\000t\000h\000e\000\040\000p\000o\000i\000n\000t\000s\000:\000\040\000P\000a\000r\000e\000n\000t\000h\000e\000s\000e\000s\000,\000\040\000b\000r\000a\000c\000k\000e\000t\000s\000,\000\040\000o\000r\000\040\000a\000\040\000b\000o\000x}{subsection.4.3}% 20
\BOOKMARK [3][-]{subsubsection.4.3.5}{\376\377\000U\000s\000i\000n\000g\000\040\000a\000\040\000s\000u\000b\000s\000t\000i\000t\000u\000t\000e\000\040\000f\000o\000r\000\040\000t\000h\000e\000\040\000w\000o\000r\000d\000\040\000`\000`\000p\000o\000i\000n\000t\000s\000'\000'}{subsection.4.3}% 21
\BOOKMARK [3][-]{subsubsection.4.3.6}{\376\377\000U\000s\000i\000n\000g\000\040\000m\000a\000r\000g\000i\000n\000p\000o\000i\000n\000t\000n\000a\000m\000e\000\040\000a\000n\000d\000\040\000e\000n\000l\000a\000r\000g\000i\000n\000g\000\040\000t\000h\000e\000\040\000m\000a\000r\000g\000i\000n\000s}{subsection.4.3}% 22
\BOOKMARK [3][-]{subsubsection.4.3.7}{\376\377\000C\000o\000m\000p\000l\000e\000t\000e\000l\000y\000\040\000c\000u\000s\000t\000o\000m\000i\000z\000i\000n\000g\000\040\000t\000h\000e\000\040\000p\000o\000i\000n\000t\000s}{subsection.4.3}% 23
\BOOKMARK [3][-]{subsubsection.4.3.8}{\376\377\000Q\000u\000e\000s\000t\000i\000o\000n\000s\000\040\000t\000h\000a\000t\000\040\000b\000e\000g\000i\000n\000\040\000w\000i\000t\000h\000\040\000a\000\040\000p\000a\000r\000t\000s\000\040\000e\000n\000v\000i\000r\000o\000n\000m\000e\000n\000t}{subsection.4.3}% 24
\BOOKMARK [3][-]{subsubsection.4.3.9}{\376\377\000A\000d\000d\000i\000n\000g\000\040\000u\000p\000\040\000t\000h\000e\000\040\000p\000o\000i\000n\000t\000s\000\040\000f\000o\000r\000\040\000a\000\040\000q\000u\000e\000s\000t\000i\000o\000n}{subsection.4.3}% 25
\BOOKMARK [3][-]{subsubsection.4.3.10}{\376\377\000M\000a\000r\000g\000i\000n\000\040\000s\000i\000z\000e\000s\000\040\000w\000h\000e\000n\000\040\000u\000s\000i\000n\000g\000\040\000p\000o\000i\000n\000t\000s\000i\000n\000m\000a\000r\000g\000i\000n\000\040\000a\000n\000d\000\040\000p\000o\000i\000n\000t\000s\000i\000n\000r\000i\000g\000h\000t\000m\000a\000r\000g\000i\000n}{subsection.4.3}% 26
\BOOKMARK [2][-]{subsection.4.4}{\376\377\000C\000u\000s\000t\000o\000m\000\040\000q\000u\000e\000s\000t\000i\000o\000n\000\040\000n\000u\000m\000b\000e\000r\000\040\000l\000i\000n\000e\000s\000:\000\040\000T\000h\000e\000\040\000q\000f\000o\000r\000m\000a\000t\000\040\000c\000o\000m\000m\000a\000n\000d}{section.4}% 27
\BOOKMARK [3][-]{subsubsection.4.4.1}{\376\377\000A\000d\000d\000i\000n\000g\000\040\000u\000p\000\040\000t\000h\000e\000\040\000p\000o\000i\000n\000t\000s\000\040\000f\000o\000r\000\040\000a\000\040\000q\000u\000e\000s\000t\000i\000o\000n}{subsection.4.4}% 28
\BOOKMARK [2][-]{subsection.4.5}{\376\377\000T\000i\000t\000l\000e\000d\000\040\000q\000u\000e\000s\000t\000i\000o\000n\000s}{section.4}% 29
\BOOKMARK [3][-]{subsubsection.4.5.1}{\376\377\000t\000i\000t\000l\000e\000d\000q\000u\000e\000s\000t\000i\000o\000n}{subsection.4.5}% 30
\BOOKMARK [3][-]{subsubsection.4.5.2}{\376\377\000t\000h\000e\000q\000u\000e\000s\000t\000i\000o\000n\000t\000i\000t\000l\000e}{subsection.4.5}% 31
\BOOKMARK [2][-]{subsection.4.6}{\376\377\000B\000o\000n\000u\000s\000\040\000p\000o\000i\000n\000t\000s}{section.4}% 32
\BOOKMARK [2][-]{subsection.4.7}{\376\377\000C\000o\000u\000n\000t\000i\000n\000g\000\040\000t\000h\000e\000\040\000q\000u\000e\000s\000t\000i\000o\000n\000s\000\040\000a\000n\000d\000\040\000a\000d\000d\000i\000n\000g\000\040\000u\000p\000\040\000t\000h\000e\000\040\000p\000o\000i\000n\000t\000s}{section.4}% 33
\BOOKMARK [2][-]{subsection.4.8}{\376\377\000R\000e\000f\000e\000r\000r\000i\000n\000g\000\040\000t\000o\000\040\000s\000p\000e\000c\000i\000f\000i\000c\000\040\000q\000u\000e\000s\000t\000i\000o\000n\000s\000\040\000b\000y\000\040\000n\000u\000m\000b\000e\000r\000\040\000\050\000c\000r\000o\000s\000s\000\040\000r\000e\000f\000e\000r\000e\000n\000c\000e\000s\000\051}{section.4}% 34
\BOOKMARK [2][-]{subsection.4.9}{\376\377\000C\000u\000s\000t\000o\000m\000i\000z\000i\000n\000g\000\040\000t\000h\000e\000\040\000n\000u\000m\000b\000e\000r\000s}{section.4}% 35
\BOOKMARK [2][-]{subsection.4.10}{\376\377\000C\000u\000s\000t\000o\000m\000i\000z\000i\000n\000g\000\040\000t\000h\000e\000\040\000l\000i\000s\000t\000\040\000p\000a\000r\000a\000m\000e\000t\000e\000r\000s}{section.4}% 36
\BOOKMARK [1][-]{section.5}{\376\377\000M\000u\000l\000t\000i\000p\000l\000e\000\040\000c\000h\000o\000i\000c\000e\000\040\000q\000u\000e\000s\000t\000i\000o\000n\000s}{}% 37
\BOOKMARK [2][-]{subsection.5.1}{\376\377\000T\000h\000e\000\040\000c\000h\000o\000i\000c\000e\000s\000\040\000e\000n\000v\000i\000r\000o\000n\000m\000e\000n\000t}{section.5}% 38
\BOOKMARK [2][-]{subsection.5.2}{\376\377\000T\000h\000e\000\040\000o\000n\000e\000p\000a\000r\000c\000h\000o\000i\000c\000e\000s\000\040\000e\000n\000v\000i\000r\000o\000n\000m\000e\000n\000t}{section.5}% 39
\BOOKMARK [2][-]{subsection.5.3}{\376\377\000T\000h\000e\000\040\000c\000h\000e\000c\000k\000b\000o\000x\000e\000s\000\040\000e\000n\000v\000i\000r\000o\000n\000m\000e\000n\000t}{section.5}% 40
\BOOKMARK [2][-]{subsection.5.4}{\376\377\000T\000h\000e\000\040\000o\000n\000e\000p\000a\000r\000c\000h\000e\000c\000k\000b\000o\000x\000e\000s\000\040\000e\000n\000v\000i\000r\000o\000n\000m\000e\000n\000t}{section.5}% 41
\BOOKMARK [2][-]{subsection.5.5}{\376\377\000S\000o\000l\000u\000t\000i\000o\000n\000s\000\040\000t\000o\000\040\000m\000u\000l\000t\000i\000p\000l\000e\000\040\000c\000h\000o\000i\000c\000e\000\040\000q\000u\000e\000s\000t\000i\000o\000n\000s}{section.5}% 42
\BOOKMARK [2][-]{subsection.5.6}{\376\377\000C\000u\000s\000t\000o\000m\000i\000z\000a\000t\000i\000o\000n\000s}{section.5}% 43
\BOOKMARK [1][-]{section.6}{\376\377\000E\000s\000c\000a\000p\000i\000n\000g\000\040\000t\000h\000e\000\040\000i\000n\000d\000e\000n\000t\000a\000t\000i\000o\000n\000:\000\040\000u\000p\000l\000e\000v\000e\000l\000\040\000a\000n\000d\000\040\000f\000u\000l\000l\000w\000i\000d\000t\000h}{}% 44
\BOOKMARK [2][-]{subsection.6.1}{\376\377\000I\000n\000c\000l\000u\000d\000i\000n\000g\000\040\000i\000n\000s\000t\000r\000u\000c\000t\000i\000o\000n\000s\000\040\000f\000o\000r\000\040\000a\000\040\000g\000r\000o\000u\000p\000\040\000o\000f\000\040\000q\000u\000e\000s\000t\000i\000o\000n\000s}{section.6}% 45
\BOOKMARK [2][-]{subsection.6.2}{\376\377\000N\000a\000m\000i\000n\000g\000\040\000t\000h\000e\000\040\000p\000a\000r\000t\000s\000\040\000o\000f\000\040\000a\000\040\000l\000o\000n\000g\000\040\000e\000x\000a\000m}{section.6}% 46
\BOOKMARK [3][-]{subsubsection.6.2.1}{\376\377\000U\000s\000i\000n\000g\000\040\000u\000p\000l\000e\000v\000e\000l\000\040\000a\000n\000d\000\040\000f\000u\000l\000l\000w\000i\000d\000t\000h}{subsection.6.2}% 47
\BOOKMARK [3][-]{subsubsection.6.2.2}{\376\377\000U\000s\000i\000n\000g\000\040\000t\000h\000e\000\040\000s\000t\000a\000n\000d\000a\000r\000d\000\040\000s\000e\000c\000t\000i\000o\000n\000i\000n\000g\000\040\000c\000o\000m\000m\000a\000n\000d\000s}{subsection.6.2}% 48
\BOOKMARK [1][-]{section.7}{\376\377\000L\000e\000a\000v\000i\000n\000g\000\040\000s\000p\000a\000c\000e\000\040\000f\000o\000r\000\040\000t\000h\000e\000\040\000a\000n\000s\000w\000e\000r\000s}{}% 49
\BOOKMARK [2][-]{subsection.7.1}{\376\377\000L\000e\000a\000v\000i\000n\000g\000\040\000b\000l\000a\000n\000k\000\040\000s\000p\000a\000c\000e}{section.7}% 50
\BOOKMARK [2][-]{subsection.7.2}{\376\377\000P\000r\000i\000n\000t\000i\000n\000g\000\040\000a\000n\000\040\000e\000m\000p\000t\000y\000\040\000b\000o\000x}{section.7}% 51
\BOOKMARK [2][-]{subsection.7.3}{\376\377\000P\000r\000i\000n\000t\000i\000n\000g\000\040\000l\000i\000n\000e\000d\000\040\000s\000p\000a\000c\000e}{section.7}% 52
\BOOKMARK [2][-]{subsection.7.4}{\376\377\000P\000r\000i\000n\000t\000i\000n\000g\000\040\000d\000o\000t\000t\000e\000d\000\040\000l\000i\000n\000e\000d\000\040\000s\000p\000a\000c\000e}{section.7}% 53
\BOOKMARK [2][-]{subsection.7.5}{\376\377\000S\000h\000o\000r\000t\000\040\000a\000n\000s\000w\000e\000r\000\040\000q\000u\000e\000s\000t\000i\000o\000n\000s}{section.7}% 54
\BOOKMARK [2][-]{subsection.7.6}{\376\377\000P\000r\000i\000n\000t\000i\000n\000g\000\040\000t\000h\000e\000\040\000a\000n\000s\000w\000e\000r\000s\000\040\000t\000o\000\040\000s\000h\000o\000r\000t\000\040\000a\000n\000s\000w\000e\000r\000\040\000q\000u\000e\000s\000t\000i\000o\000n\000s}{section.7}% 55
\BOOKMARK [1][-]{section.8}{\376\377\000S\000o\000l\000u\000t\000i\000o\000n\000s}{}% 56
\BOOKMARK [2][-]{subsection.8.1}{\376\377\000S\000o\000l\000u\000t\000i\000o\000n\000\040\000e\000n\000v\000i\000r\000o\000n\000m\000e\000n\000t\000s}{section.8}% 57
\BOOKMARK [2][-]{subsection.8.2}{\376\377\000T\000h\000e\000\040\000a\000p\000p\000e\000a\000r\000a\000n\000c\000e\000\040\000o\000f\000\040\000t\000h\000e\000\040\000s\000o\000l\000u\000t\000i\000o\000n}{section.8}% 58
\BOOKMARK [3][-]{subsubsection.8.2.1}{\376\377\000P\000r\000i\000n\000t\000i\000n\000g\000\040\000t\000h\000e\000\040\000s\000o\000l\000u\000t\000i\000o\000n\000\040\000i\000n\000\040\000a\000\040\000b\000o\000x}{subsection.8.2}% 59
\BOOKMARK [3][-]{subsubsection.8.2.2}{\376\377\000P\000r\000i\000n\000t\000i\000n\000g\000\040\000t\000h\000e\000\040\000s\000o\000l\000u\000t\000i\000o\000n\000\040\000o\000n\000\040\000a\000\040\000s\000h\000a\000d\000e\000d\000\040\000b\000a\000c\000k\000g\000r\000o\000u\000n\000d}{subsection.8.2}% 60
\BOOKMARK [3][-]{subsubsection.8.2.3}{\376\377\000P\000r\000i\000n\000t\000i\000n\000g\000\040\000t\000h\000e\000\040\000s\000o\000l\000u\000t\000i\000o\000n\000\040\000w\000i\000t\000h\000\040\000n\000o\000\040\000f\000r\000a\000m\000i\000n\000g\000\040\000o\000r\000\040\000s\000h\000a\000d\000i\000n\000g}{subsection.8.2}% 61
\BOOKMARK [2][-]{subsection.8.3}{\376\377\000C\000u\000s\000t\000o\000m\000i\000z\000i\000n\000g\000\040\000t\000h\000e\000\040\000s\000o\000l\000u\000t\000i\000o\000n}{section.8}% 62
\BOOKMARK [3][-]{subsubsection.8.3.1}{\376\377\000T\000h\000e\000\040\000t\000i\000t\000l\000e}{subsection.8.3}% 63
\BOOKMARK [3][-]{subsubsection.8.3.2}{\376\377\000S\000o\000l\000u\000t\000i\000o\000n\000\040\000e\000m\000p\000h\000a\000s\000i\000s}{subsection.8.3}% 64
\BOOKMARK [3][-]{subsubsection.8.3.3}{\376\377\000A\000d\000v\000a\000n\000c\000e\000d\000\040\000c\000u\000s\000t\000o\000m\000i\000z\000a\000t\000i\000o\000n\000s}{subsection.8.3}% 65
\BOOKMARK [2][-]{subsection.8.4}{\376\377\000L\000e\000a\000v\000i\000n\000g\000\040\000s\000p\000a\000c\000e\000\040\000f\000o\000r\000\040\000t\000h\000e\000\040\000a\000n\000s\000w\000e\000r\000s\000\040\000w\000h\000e\000n\000\040\000s\000o\000l\000u\000t\000i\000o\000n\000s\000\040\000a\000r\000e\000n\000'\000t\000\040\000p\000r\000i\000n\000t\000e\000d}{section.8}% 66
\BOOKMARK [3][-]{subsubsection.8.4.1}{\376\377\000C\000a\000n\000c\000e\000l\000l\000i\000n\000g\000\040\000t\000h\000e\000\040\000s\000p\000a\000c\000e\000\040\000f\000r\000o\000m\000\040\000t\000h\000e\000\040\000o\000p\000t\000i\000o\000n\000a\000l\000\040\000a\000r\000g\000u\000m\000e\000n\000t\000s}{subsection.8.4}% 67
\BOOKMARK [2][-]{subsection.8.5}{\376\377\000C\000h\000a\000n\000g\000e\000s\000\040\000d\000e\000p\000e\000n\000d\000i\000n\000g\000\040\000o\000n\000\040\000w\000h\000e\000t\000h\000e\000r\000\040\000o\000r\000\040\000n\000o\000t\000\040\000s\000o\000l\000u\000t\000i\000o\000n\000s\000\040\000a\000r\000e\000\040\000b\000e\000i\000n\000g\000\040\000p\000r\000i\000n\000t\000e\000d}{section.8}% 68
\BOOKMARK [1][-]{section.9}{\376\377\000G\000r\000a\000d\000i\000n\000g\000\040\000t\000a\000b\000l\000e\000s\000\040\000a\000n\000d\000\040\000p\000o\000i\000n\000t\000\040\000t\000a\000b\000l\000e\000s}{}% 69
\BOOKMARK [2][-]{subsection.9.1}{\376\377\000G\000r\000a\000d\000i\000n\000g\000\040\000t\000a\000b\000l\000e\000s\000\040\000i\000n\000d\000e\000x\000e\000d\000\040\000b\000y\000\040\000q\000u\000e\000s\000t\000i\000o\000n\000\040\000n\000u\000m\000b\000e\000r\000\040\000o\000r\000\040\000b\000y\000\040\000p\000a\000g\000e\000\040\000n\000u\000m\000b\000e\000r}{section.9}% 70
\BOOKMARK [2][-]{subsection.9.2}{\376\377\000P\000o\000i\000n\000t\000\040\000t\000a\000b\000l\000e\000s\000\040\000i\000n\000d\000e\000x\000e\000d\000\040\000b\000y\000\040\000q\000u\000e\000s\000t\000i\000o\000n\000\040\000n\000u\000m\000b\000e\000r\000\040\000o\000r\000\040\000b\000y\000\040\000p\000a\000g\000e\000\040\000n\000u\000m\000b\000e\000r}{section.9}% 71
\BOOKMARK [2][-]{subsection.9.3}{\376\377\000T\000a\000b\000l\000e\000\040\000e\000n\000t\000r\000i\000e\000s\000\040\000a\000s\000\040\000c\000l\000i\000c\000k\000a\000b\000l\000e\000\040\000l\000i\000n\000k\000s}{section.9}% 72
\BOOKMARK [2][-]{subsection.9.4}{\376\377\000G\000r\000a\000d\000i\000n\000g\000\040\000r\000a\000n\000g\000e\000s\000,\000\040\000p\000a\000r\000t\000i\000a\000l\000\040\000g\000r\000a\000d\000i\000n\000g\000\040\000t\000a\000b\000l\000e\000s\000,\000\040\000a\000n\000d\000\040\000p\000a\000r\000t\000i\000a\000l\000\040\000p\000o\000i\000n\000t\000\040\000t\000a\000b\000l\000e\000s}{section.9}% 73
\BOOKMARK [2][-]{subsection.9.5}{\376\377\000p\000o\000i\000n\000t\000s\000o\000f\000q\000u\000e\000s\000t\000i\000o\000n}{section.9}% 74
\BOOKMARK [2][-]{subsection.9.6}{\376\377\000p\000o\000i\000n\000t\000s\000o\000n\000p\000a\000g\000e}{section.9}% 75
\BOOKMARK [2][-]{subsection.9.7}{\376\377\000B\000o\000n\000u\000s\000\040\000g\000r\000a\000d\000i\000n\000g\000\040\000t\000a\000b\000l\000e\000s\000\040\000a\000n\000d\000\040\000b\000o\000n\000u\000s\000\040\000p\000o\000i\000n\000t\000\040\000t\000a\000b\000l\000e\000s}{section.9}% 76
\BOOKMARK [2][-]{subsection.9.8}{\376\377\000C\000o\000m\000b\000i\000n\000e\000d\000\040\000g\000r\000a\000d\000i\000n\000g\000\040\000t\000a\000b\000l\000e\000s\000\040\000a\000n\000d\000\040\000c\000o\000m\000b\000i\000n\000e\000d\000\040\000p\000o\000i\000n\000t\000\040\000t\000a\000b\000l\000e\000s}{section.9}% 77
\BOOKMARK [2][-]{subsection.9.9}{\376\377\000C\000h\000a\000n\000g\000i\000n\000g\000\040\000t\000h\000e\000\040\000t\000o\000t\000a\000l\000\040\000p\000o\000i\000n\000t\000s\000\040\000i\000n\000\040\000a\000\040\000t\000a\000b\000l\000e}{section.9}% 78
\BOOKMARK [2][-]{subsection.9.10}{\376\377\000C\000u\000s\000t\000o\000m\000i\000z\000i\000n\000g\000\040\000t\000h\000e\000\040\000t\000a\000b\000l\000e\000s}{section.9}% 79
\BOOKMARK [1][-]{section.10}{\376\377\000C\000h\000a\000n\000g\000i\000n\000g\000\040\000t\000h\000e\000\040\000p\000a\000g\000e\000\040\000m\000a\000r\000g\000i\000n\000s}{}% 80
\BOOKMARK [1][-]{section.11}{\376\377\000H\000e\000a\000d\000e\000r\000s\000\040\000a\000n\000d\000\040\000f\000o\000o\000t\000e\000r\000s}{}% 81
\BOOKMARK [2][-]{subsection.11.1}{\376\377\000P\000a\000g\000e\000\040\000s\000t\000y\000l\000e\000s\000:\000\040\000H\000e\000a\000d\000e\000r\000s\000\040\000a\000n\000d\000/\000o\000r\000\040\000f\000o\000o\000t\000e\000r\000s}{section.11}% 82
\BOOKMARK [2][-]{subsection.11.2}{\376\377\000T\000h\000e\000\040\000t\000h\000r\000e\000e\000\040\000p\000a\000r\000t\000s\000\040\000o\000f\000\040\000t\000h\000e\000\040\000h\000e\000a\000d\000e\000r}{section.11}% 83
\BOOKMARK [3][-]{subsubsection.11.2.1}{\376\377\000U\000s\000i\000n\000g\000\040\000h\000e\000a\000d\000e\000r\000,\000\040\000f\000i\000r\000s\000t\000p\000a\000g\000e\000h\000e\000a\000d\000e\000r\000\040\000a\000n\000d\000\040\000r\000u\000n\000n\000i\000n\000g\000h\000e\000a\000d\000e\000r}{subsection.11.2}% 84
\BOOKMARK [3][-]{subsubsection.11.2.2}{\376\377\000U\000s\000i\000n\000g\000\040\000l\000h\000e\000a\000d\000,\000\040\000c\000h\000e\000a\000d\000\040\000a\000n\000d\000\040\000r\000h\000e\000a\000d}{subsection.11.2}% 85
\BOOKMARK [2][-]{subsection.11.3}{\376\377\000T\000h\000e\000\040\000t\000h\000r\000e\000e\000\040\000p\000a\000r\000t\000s\000\040\000o\000f\000\040\000t\000h\000e\000\040\000f\000o\000o\000t\000e\000r}{section.11}% 86
\BOOKMARK [3][-]{subsubsection.11.3.1}{\376\377\000U\000s\000i\000n\000g\000\040\000f\000o\000o\000t\000e\000r\000,\000\040\000f\000i\000r\000s\000t\000p\000a\000g\000e\000f\000o\000o\000t\000e\000r\000\040\000a\000n\000d\000\040\000r\000u\000n\000n\000i\000n\000g\000f\000o\000o\000t\000e\000r}{subsection.11.3}% 87
\BOOKMARK [3][-]{subsubsection.11.3.2}{\376\377\000U\000s\000i\000n\000g\000\040\000l\000f\000o\000o\000t\000,\000\040\000c\000f\000o\000o\000t\000,\000\040\000a\000n\000d\000\040\000r\000f\000o\000o\000t}{subsection.11.3}% 88
\BOOKMARK [2][-]{subsection.11.4}{\376\377\000L\000e\000a\000v\000i\000n\000g\000\040\000e\000x\000t\000r\000a\000\040\000r\000o\000o\000m\000\040\000f\000o\000r\000\040\000m\000u\000l\000t\000i\000p\000l\000e\000\040\000l\000i\000n\000e\000\040\000h\000e\000a\000d\000e\000r\000s\000\040\000a\000n\000d\000\040\000f\000o\000o\000t\000e\000r\000s}{section.11}% 89
\BOOKMARK [2][-]{subsection.11.5}{\376\377\000H\000o\000r\000i\000z\000o\000n\000t\000a\000l\000\040\000r\000u\000l\000e\000s}{section.11}% 90
\BOOKMARK [2][-]{subsection.11.6}{\376\377\000L\000i\000s\000t\000i\000n\000g\000\040\000t\000h\000e\000\040\000n\000u\000m\000b\000e\000r\000\040\000o\000f\000\040\000p\000a\000g\000e\000s\000\040\000i\000n\000\040\000t\000h\000e\000\040\000e\000x\000a\000m}{section.11}% 91
\BOOKMARK [2][-]{subsection.11.7}{\376\377\000T\000r\000e\000a\000t\000i\000n\000g\000\040\000t\000h\000e\000\040\000l\000a\000s\000t\000\040\000p\000a\000g\000e\000\040\000d\000i\000f\000f\000e\000r\000e\000n\000t\000l\000y}{section.11}% 92
\BOOKMARK [2][-]{subsection.11.8}{\376\377\000T\000r\000e\000a\000t\000i\000n\000g\000\040\000o\000d\000d\000\040\000a\000n\000d\000\040\000e\000v\000e\000n\000\040\000n\000u\000m\000b\000e\000r\000e\000d\000\040\000p\000a\000g\000e\000s\000\040\000d\000i\000f\000f\000e\000r\000e\000n\000t\000l\000y}{section.11}% 93
\BOOKMARK [2][-]{subsection.11.9}{\376\377\000Q\000u\000e\000s\000t\000i\000o\000n\000s\000\040\000t\000h\000a\000t\000\040\000s\000p\000a\000n\000\040\000m\000u\000l\000t\000i\000p\000l\000e\000\040\000p\000a\000g\000e\000s}{section.11}% 94
\BOOKMARK [3][-]{subsubsection.11.9.1}{\376\377\000Q\000u\000e\000s\000t\000i\000o\000n\000s\000\040\000c\000o\000n\000t\000i\000n\000u\000i\000n\000g\000\040\000f\000r\000o\000m\000\040\000t\000h\000e\000\040\000p\000r\000e\000v\000i\000o\000u\000s\000\040\000p\000a\000g\000e}{subsection.11.9}% 95
\BOOKMARK [3][-]{subsubsection.11.9.2}{\376\377\000Q\000u\000e\000s\000t\000i\000o\000n\000s\000\040\000t\000h\000a\000t\000\040\000c\000o\000n\000t\000i\000n\000u\000e\000\040\000o\000n\000t\000o\000\040\000t\000h\000e\000\040\000n\000e\000x\000t\000\040\000p\000a\000g\000e}{subsection.11.9}% 96
\BOOKMARK [2][-]{subsection.11.10}{\376\377\000E\000x\000a\000m\000p\000l\000e\000s}{section.11}% 97
\BOOKMARK [3][-]{subsubsection.11.10.1}{\376\377\000E\000x\000a\000m\000p\000l\000e\000:}{subsection.11.10}% 98
\BOOKMARK [3][-]{subsubsection.11.10.2}{\376\377\000E\000x\000a\000m\000p\000l\000e\000:}{subsection.11.10}% 99
\BOOKMARK [3][-]{subsubsection.11.10.3}{\376\377\000E\000x\000a\000m\000p\000l\000e\000:}{subsection.11.10}% 100
\BOOKMARK [3][-]{subsubsection.11.10.4}{\376\377\000E\000x\000a\000m\000p\000l\000e\000:}{subsection.11.10}% 101
\BOOKMARK [3][-]{subsubsection.11.10.5}{\376\377\000E\000x\000a\000m\000p\000l\000e\000:}{subsection.11.10}% 102
\BOOKMARK [3][-]{subsubsection.11.10.6}{\376\377\000E\000x\000a\000m\000p\000l\000e\000:}{subsection.11.10}% 103
\BOOKMARK [3][-]{subsubsection.11.10.7}{\376\377\000E\000x\000a\000m\000p\000l\000e\000:}{subsection.11.10}% 104
\BOOKMARK [3][-]{subsubsection.11.10.8}{\376\377\000E\000x\000a\000m\000p\000l\000e\000:}{subsection.11.10}% 105
\BOOKMARK [1][-]{section.12}{\376\377\000C\000o\000v\000e\000r\000\040\000p\000a\000g\000e\000s}{}% 106
\BOOKMARK [2][-]{subsection.12.1}{\376\377\000H\000e\000a\000d\000e\000r\000s\000\040\000a\000n\000d\000\040\000f\000o\000o\000t\000e\000r\000s}{section.12}% 107
\BOOKMARK [2][-]{subsection.12.2}{\376\377\000L\000i\000s\000t\000i\000n\000g\000\040\000t\000h\000e\000\040\000n\000u\000m\000b\000e\000r\000\040\000o\000f\000\040\000c\000o\000v\000e\000r\000\040\000p\000a\000g\000e\000s}{section.12}% 108
\BOOKMARK [1][-]{subsection.12.2}{\376\377\000I\000n\000d\000e\000x}{}% 109
